Info: Starting: Create HDL design files for synthesis
Info: qsys-generate /home/alex/workspace/a10_devel_after_sdc/ip_cores/wr-cores/platform/altera/wr_arria10_e3p1_phy/wr_arria10_e3p1_det_phy/wr_arria10_e3p1_det_phy.qsys --synthesis=VHDL --output-directory=/home/alex/workspace/a10_devel_after_sdc/ip_cores/wr-cores/platform/altera/wr_arria10_e3p1_phy/wr_arria10_e3p1_det_phy/wr_arria10_e3p1_det_phy --family="Arria 10" --part=10AX115S2F45I1SG
Progress: Loading wr_arria10_e3p1_det_phy/wr_arria10_e3p1_det_phy.qsys
Progress: Reading input file
Progress: Adding xcvr_native_a10_0 [altera_xcvr_native_a10 18.1]
Progress: Parameterizing module xcvr_native_a10_0
Progress: Building connections
Progress: Parameterizing connections
Progress: Validating
Progress: Done reading input file
Info: wr_arria10_e3p1_det_phy.xcvr_native_a10_0: Simplified data interface has been enabled. The Native PHY will present the data/control interface for the current configuration only. Dynamic reconfiguration of the data interface cannot be supported. The unused_tx_parallel_data and unused_tx_control ports should be connected to 0.
Info: wr_arria10_e3p1_det_phy.xcvr_native_a10_0: Note - When dynamic reconfiguration is enabled, users are recommended to enable multiple reconfiguration profiles for Quartus to perform robust timing closure
Info: wr_arria10_e3p1_det_phy.xcvr_native_a10_0: For the selected device(10AX115S2F45I1SG), transceiver speed grade is 2 and core speed grade is 1.
Info: wr_arria10_e3p1_det_phy.xcvr_native_a10_0: Note - The external TX PLL IP must be configured with an output clock frequency of 625.0 MHz.
Info: wr_arria10_e3p1_det_phy: "Transforming system: wr_arria10_e3p1_det_phy"
Info: wr_arria10_e3p1_det_phy: Running transform generation_view_transform
Info: wr_arria10_e3p1_det_phy: Running transform generation_view_transform took 0.000s
Info: xcvr_native_a10_0: Running transform generation_view_transform
Info: xcvr_native_a10_0: Running transform generation_view_transform took 0.000s
Info: wr_arria10_e3p1_det_phy: Running transform merlin_avalon_transform
Info: wr_arria10_e3p1_det_phy: Running transform merlin_avalon_transform took 0.055s
Info: wr_arria10_e3p1_det_phy: "Naming system components in system: wr_arria10_e3p1_det_phy"
Info: wr_arria10_e3p1_det_phy: "Processing generation queue"
Info: wr_arria10_e3p1_det_phy: "Generating: wr_arria10_e3p1_det_phy"
Info: wr_arria10_e3p1_det_phy: "Generating: wr_arria10_e3p1_det_phy_altera_xcvr_native_a10_181_b7porpa"
Info: xcvr_native_a10_0: add_fileset_file ./alt_xcvr_resync.sv SYSTEM_VERILOG PATH ../../../../altera_xcvr_generic/ctrl/alt_xcvr_resync.sv
Info: xcvr_native_a10_0: add_fileset_file ./alt_xcvr_arbiter.sv SYSTEM_VERILOG PATH ../../../../altera_xcvr_generic/ctrl/alt_xcvr_arbiter.sv
Info: xcvr_native_a10_0: add_fileset_file ./twentynm_pcs.sv SYSTEM_VERILOG PATH ../../../alt_xcvr_core/nf/twentynm_pcs.sv
Info: xcvr_native_a10_0: add_fileset_file ./twentynm_pma.sv SYSTEM_VERILOG PATH ../../../alt_xcvr_core/nf/twentynm_pma.sv
Info: xcvr_native_a10_0: add_fileset_file ./twentynm_xcvr_avmm.sv SYSTEM_VERILOG PATH ../../../alt_xcvr_core/nf/twentynm_xcvr_avmm.sv
Info: xcvr_native_a10_0: add_fileset_file ./twentynm_xcvr_native.sv SYSTEM_VERILOG PATH ../../../alt_xcvr_core/nf/twentynm_xcvr_native.sv
Info: xcvr_native_a10_0: add_fileset_file ./altera_xcvr_native_a10_functions_h.sv SYSTEM_VERILOG PATH ..//altera_xcvr_native_a10_functions_h.sv
Info: xcvr_native_a10_0: add_fileset_file ./a10_avmm_h.sv SYSTEM_VERILOG PATH ..//a10_avmm_h.sv
Info: xcvr_native_a10_0: add_fileset_file ./alt_xcvr_native_pipe_retry.sv SYSTEM_VERILOG PATH ..//alt_xcvr_native_pipe_retry.sv
Info: xcvr_native_a10_0: add_fileset_file ./alt_xcvr_native_avmm_csr.sv SYSTEM_VERILOG PATH ..//alt_xcvr_native_avmm_csr.sv
Info: xcvr_native_a10_0: add_fileset_file ./alt_xcvr_native_prbs_accum.sv SYSTEM_VERILOG PATH ..//alt_xcvr_native_prbs_accum.sv
Info: xcvr_native_a10_0: add_fileset_file ./alt_xcvr_native_odi_accel.sv SYSTEM_VERILOG PATH ..//alt_xcvr_native_odi_accel.sv
Info: xcvr_native_a10_0: add_fileset_file ./alt_xcvr_native_rcfg_arb.sv SYSTEM_VERILOG PATH ..//alt_xcvr_native_rcfg_arb.sv
Info: xcvr_native_a10_0: add_fileset_file ./altera_xcvr_native_a10_false_paths.sdc SDC PATH ..//altera_xcvr_native_a10_false_paths.sdc
Info: xcvr_native_a10_0: add_fileset_file ./altera_xcvr_native_pcie_dfe_params_h.sv SYSTEM_VERILOG PATH ../pcie_dfe_ip/altera_xcvr_native_pcie_dfe_params_h.sv
Info: xcvr_native_a10_0: add_fileset_file ./pcie_mgmt_commands_h.sv SYSTEM_VERILOG PATH ../pcie_dfe_ip/pcie_mgmt_commands_h.sv
Info: xcvr_native_a10_0: add_fileset_file ./pcie_mgmt_functions_h.sv SYSTEM_VERILOG PATH ../pcie_dfe_ip/pcie_mgmt_functions_h.sv
Info: xcvr_native_a10_0: add_fileset_file ./pcie_mgmt_program.sv SYSTEM_VERILOG PATH ../pcie_dfe_ip/pcie_mgmt_program.sv
Info: xcvr_native_a10_0: add_fileset_file ./pcie_mgmt_cpu.sv SYSTEM_VERILOG PATH ../pcie_dfe_ip/pcie_mgmt_cpu.sv
Info: xcvr_native_a10_0: add_fileset_file ./pcie_mgmt_master.sv SYSTEM_VERILOG PATH ../pcie_dfe_ip/pcie_mgmt_master.sv
Info: xcvr_native_a10_0: add_fileset_file ./altera_xcvr_native_pcie_dfe_ip.sv SYSTEM_VERILOG PATH ../pcie_dfe_ip/altera_xcvr_native_pcie_dfe_ip.sv
Info: xcvr_native_a10_0: Building configuration data for reconfiguration profile 0
Info: wr_arria10_e3p1_det_phy: Done "wr_arria10_e3p1_det_phy" with 2 modules, 26 files
Info: qsys-generate succeeded.
Info: Finished: Create HDL design files for synthesis
