Info: Starting: Create HDL design files for synthesis
Info: qsys-generate /home/alex/workspace/a10_wrpc-4.2_cmu/ip_cores/wr-cores/platform/altera/wr_arria10_e3p1_phy/wr_arria10_e3p1_cmu_pll/wr_arria10_e3p1_cmu_pll.qsys --synthesis=VHDL --output-directory=/home/alex/workspace/a10_wrpc-4.2_cmu/ip_cores/wr-cores/platform/altera/wr_arria10_e3p1_phy/wr_arria10_e3p1_cmu_pll/wr_arria10_e3p1_cmu_pll --family="Arria 10" --part=10AX115S2F45I1SG
Progress: Loading wr_arria10_e3p1_cmu_pll/wr_arria10_e3p1_cmu_pll.qsys
Progress: Reading input file
Progress: Adding xcvr_cdr_pll_a10_0 [altera_xcvr_cdr_pll_a10 18.1]
Progress: Parameterizing module xcvr_cdr_pll_a10_0
Progress: Building connections
Progress: Parameterizing connections
Progress: Validating
Progress: Done reading input file
Info: wr_arria10_e3p1_cmu_pll.xcvr_cdr_pll_a10_0: Please note that the Arria 10 Transceiver CMU PLL does not support feedback compensation bonding or xN/x6 clock line usage (bonded or non-bonded modes).
Info: wr_arria10_e3p1_cmu_pll.xcvr_cdr_pll_a10_0: For the selected device(10AX115S2F45I1SG), transceiver PLL speed grade is 2.
Info: wr_arria10_e3p1_cmu_pll: "Transforming system: wr_arria10_e3p1_cmu_pll"
Info: wr_arria10_e3p1_cmu_pll: Running transform generation_view_transform
Info: wr_arria10_e3p1_cmu_pll: Running transform generation_view_transform took 0.000s
Info: xcvr_cdr_pll_a10_0: Running transform generation_view_transform
Info: xcvr_cdr_pll_a10_0: Running transform generation_view_transform took 0.000s
Info: wr_arria10_e3p1_cmu_pll: Running transform merlin_avalon_transform
Info: wr_arria10_e3p1_cmu_pll: Running transform merlin_avalon_transform took 0.030s
Info: wr_arria10_e3p1_cmu_pll: "Naming system components in system: wr_arria10_e3p1_cmu_pll"
Info: wr_arria10_e3p1_cmu_pll: "Processing generation queue"
Info: wr_arria10_e3p1_cmu_pll: "Generating: wr_arria10_e3p1_cmu_pll"
Info: wr_arria10_e3p1_cmu_pll: "Generating: altera_xcvr_cdr_pll_a10"
Info: xcvr_cdr_pll_a10_0: add_fileset_file ./twentynm_xcvr_avmm.sv SYSTEM_VERILOG PATH ../../../alt_xcvr_core/nf/twentynm_xcvr_avmm.sv
Info: xcvr_cdr_pll_a10_0: add_fileset_file ./alt_xcvr_resync.sv SYSTEM_VERILOG PATH ../../../../altera_xcvr_generic/ctrl/alt_xcvr_resync.sv
Info: xcvr_cdr_pll_a10_0: add_fileset_file ./altera_xcvr_cdr_pll_a10.sv SYSTEM_VERILOG PATH ../source/altera_xcvr_cdr_pll_a10.sv
Info: xcvr_cdr_pll_a10_0: add_fileset_file ./a10_avmm_h.sv SYSTEM_VERILOG PATH ../../../altera_xcvr_native_phy/altera_xcvr_native_vi/a10_avmm_h.sv
Info: xcvr_cdr_pll_a10_0: add_fileset_file ./alt_xcvr_native_avmm_nf.sv SYSTEM_VERILOG PATH ../../../altera_xcvr_native_phy/altera_xcvr_native_vi/alt_xcvr_native_avmm_nf.sv
Info: xcvr_cdr_pll_a10_0: add_fileset_file ./alt_xcvr_pll_embedded_debug.sv SYSTEM_VERILOG PATH ../../altera_xcvr_atx_pll_vi/source/alt_xcvr_pll_embedded_debug.sv
Info: xcvr_cdr_pll_a10_0: add_fileset_file ./alt_xcvr_pll_avmm_csr.sv SYSTEM_VERILOG PATH ../../altera_xcvr_atx_pll_vi/source/alt_xcvr_pll_avmm_csr.sv
Info: wr_arria10_e3p1_cmu_pll: Done "wr_arria10_e3p1_cmu_pll" with 2 modules, 10 files
Info: qsys-generate succeeded.
Info: Finished: Create HDL design files for synthesis
